<?xml version="1.0" encoding="UTF-8"?>
<!-- Generated by org.testng.reporters.JUnitReportReporter -->
<testsuite skipped="0" hostname="SRKPUN1299LT" name="SelfHealing" tests="1" failures="0" timestamp="2022-06-29T11:18:29 IST" time="23.592" errors="0">
  <testcase name="HealingTest" time="23.592" classname="SelfHealing"/>
  <system-out/>
</testsuite> <!-- SelfHealing -->
