<?xml version="1.0" encoding="UTF-8"?>
<!-- Generated by org.testng.reporters.JUnitReportReporter -->
<testsuite skipped="0" hostname="SRKPUN1299LT" name="SelfHealing" tests="1" failures="0" timestamp="2022-06-29T14:08:49 IST" time="58.966" errors="0">
  <testcase name="HealingTest" time="58.966" classname="SelfHealing"/>
  <system-out/>
</testsuite> <!-- SelfHealing -->
