<?xml version="1.0" encoding="UTF-8"?>
<!-- Generated by org.testng.reporters.JUnitReportReporter -->
<testsuite skipped="0" hostname="SRKPUN1299LT" name="SelfHealing" tests="1" failures="0" timestamp="2022-07-04T12:16:25 IST" time="88.283" errors="0">
  <testcase name="HealingTest" time="88.283" classname="SelfHealing"/>
  <system-out/>
</testsuite> <!-- SelfHealing -->
